<?xml version="1.0" encoding="UTF-8"?>
<testsuite xmlns:xsi="http://www.w3.org/2001/XMLSchema-instance" xsi:noNamespaceSchemaLocation="https://maven.apache.org/surefire/maven-surefire-plugin/xsd/surefire-test-report.xsd" name="com.swati.cmsportal.CentralManagementSystemApplicationTests" time="4.438" tests="1" errors="0" skipped="0" failures="0">
  <properties>
    <property name="sun.desktop" value="windows"/>
    <property name="awt.toolkit" value="sun.awt.windows.WToolkit"/>
    <property name="java.specification.version" value="11"/>
    <property name="sun.cpu.isalist" value="amd64"/>
    <property name="sun.jnu.encoding" value="Cp1252"/>
    <property name="java.class.path" value="D:\SEWS_E_SpringBoot_WorkSpace\cms\target\test-classes;D:\SEWS_E_SpringBoot_WorkSpace\cms\target\classes;D:\SpringBootMavenRepo\org\springframework\boot\spring-boot-starter-web\2.7.12\spring-boot-starter-web-2.7.12.jar;D:\SpringBootMavenRepo\org\springframework\boot\spring-boot-starter\2.7.12\spring-boot-starter-2.7.12.jar;D:\SpringBootMavenRepo\org\springframework\boot\spring-boot-starter-logging\2.7.12\spring-boot-starter-logging-2.7.12.jar;D:\SpringBootMavenRepo\ch\qos\logback\logback-classic\1.2.12\logback-classic-1.2.12.jar;D:\SpringBootMavenRepo\ch\qos\logback\logback-core\1.2.12\logback-core-1.2.12.jar;D:\SpringBootMavenRepo\org\apache\logging\log4j\log4j-to-slf4j\2.17.2\log4j-to-slf4j-2.17.2.jar;D:\SpringBootMavenRepo\org\apache\logging\log4j\log4j-api\2.17.2\log4j-api-2.17.2.jar;D:\SpringBootMavenRepo\org\slf4j\jul-to-slf4j\1.7.36\jul-to-slf4j-1.7.36.jar;D:\SpringBootMavenRepo\jakarta\annotation\jakarta.annotation-api\1.3.5\jakarta.annotation-api-1.3.5.jar;D:\SpringBootMavenRepo\org\yaml\snakeyaml\1.30\snakeyaml-1.30.jar;D:\SpringBootMavenRepo\org\springframework\boot\spring-boot-starter-json\2.7.12\spring-boot-starter-json-2.7.12.jar;D:\SpringBootMavenRepo\com\fasterxml\jackson\core\jackson-databind\2.13.5\jackson-databind-2.13.5.jar;D:\SpringBootMavenRepo\com\fasterxml\jackson\core\jackson-annotations\2.13.5\jackson-annotations-2.13.5.jar;D:\SpringBootMavenRepo\com\fasterxml\jackson\core\jackson-core\2.13.5\jackson-core-2.13.5.jar;D:\SpringBootMavenRepo\com\fasterxml\jackson\datatype\jackson-datatype-jdk8\2.13.5\jackson-datatype-jdk8-2.13.5.jar;D:\SpringBootMavenRepo\com\fasterxml\jackson\datatype\jackson-datatype-jsr310\2.13.5\jackson-datatype-jsr310-2.13.5.jar;D:\SpringBootMavenRepo\com\fasterxml\jackson\module\jackson-module-parameter-names\2.13.5\jackson-module-parameter-names-2.13.5.jar;D:\SpringBootMavenRepo\org\springframework\boot\spring-boot-starter-tomcat\2.7.12\spring-boot-starter-tomcat-2.7.12.jar;D:\SpringBootMavenRepo\org\apache\tomcat\embed\tomcat-embed-websocket\9.0.98\tomcat-embed-websocket-9.0.98.jar;D:\SpringBootMavenRepo\org\springframework\spring-web\5.3.27\spring-web-5.3.27.jar;D:\SpringBootMavenRepo\org\springframework\spring-beans\5.3.27\spring-beans-5.3.27.jar;D:\SpringBootMavenRepo\org\springframework\spring-webmvc\5.3.27\spring-webmvc-5.3.27.jar;D:\SpringBootMavenRepo\org\springframework\spring-aop\5.3.27\spring-aop-5.3.27.jar;D:\SpringBootMavenRepo\org\springframework\spring-context\5.3.27\spring-context-5.3.27.jar;D:\SpringBootMavenRepo\org\springframework\spring-expression\5.3.27\spring-expression-5.3.27.jar;D:\SpringBootMavenRepo\org\springframework\boot\spring-boot-starter-test\2.7.12\spring-boot-starter-test-2.7.12.jar;D:\SpringBootMavenRepo\org\springframework\boot\spring-boot-test\2.7.12\spring-boot-test-2.7.12.jar;D:\SpringBootMavenRepo\org\springframework\boot\spring-boot-test-autoconfigure\2.7.12\spring-boot-test-autoconfigure-2.7.12.jar;D:\SpringBootMavenRepo\com\jayway\jsonpath\json-path\2.7.0\json-path-2.7.0.jar;D:\SpringBootMavenRepo\net\minidev\json-smart\2.4.11\json-smart-2.4.11.jar;D:\SpringBootMavenRepo\net\minidev\accessors-smart\2.4.11\accessors-smart-2.4.11.jar;D:\SpringBootMavenRepo\org\ow2\asm\asm\9.3\asm-9.3.jar;D:\SpringBootMavenRepo\org\slf4j\slf4j-api\1.7.36\slf4j-api-1.7.36.jar;D:\SpringBootMavenRepo\jakarta\xml\bind\jakarta.xml.bind-api\2.3.3\jakarta.xml.bind-api-2.3.3.jar;D:\SpringBootMavenRepo\jakarta\activation\jakarta.activation-api\1.2.2\jakarta.activation-api-1.2.2.jar;D:\SpringBootMavenRepo\org\assertj\assertj-core\3.22.0\assertj-core-3.22.0.jar;D:\SpringBootMavenRepo\org\hamcrest\hamcrest\2.2\hamcrest-2.2.jar;D:\SpringBootMavenRepo\org\junit\jupiter\junit-jupiter\5.8.2\junit-jupiter-5.8.2.jar;D:\SpringBootMavenRepo\org\junit\jupiter\junit-jupiter-api\5.8.2\junit-jupiter-api-5.8.2.jar;D:\SpringBootMavenRepo\org\opentest4j\opentest4j\1.2.0\opentest4j-1.2.0.jar;D:\SpringBootMavenRepo\org\junit\platform\junit-platform-commons\1.8.2\junit-platform-commons-1.8.2.jar;D:\SpringBootMavenRepo\org\apiguardian\apiguardian-api\1.1.2\apiguardian-api-1.1.2.jar;D:\SpringBootMavenRepo\org\junit\jupiter\junit-jupiter-params\5.8.2\junit-jupiter-params-5.8.2.jar;D:\SpringBootMavenRepo\org\junit\jupiter\junit-jupiter-engine\5.8.2\junit-jupiter-engine-5.8.2.jar;D:\SpringBootMavenRepo\org\junit\platform\junit-platform-engine\1.8.2\junit-platform-engine-1.8.2.jar;D:\SpringBootMavenRepo\org\mockito\mockito-core\4.5.1\mockito-core-4.5.1.jar;D:\SpringBootMavenRepo\net\bytebuddy\byte-buddy\1.12.23\byte-buddy-1.12.23.jar;D:\SpringBootMavenRepo\net\bytebuddy\byte-buddy-agent\1.12.23\byte-buddy-agent-1.12.23.jar;D:\SpringBootMavenRepo\org\objenesis\objenesis\3.2\objenesis-3.2.jar;D:\SpringBootMavenRepo\org\mockito\mockito-junit-jupiter\4.5.1\mockito-junit-jupiter-4.5.1.jar;D:\SpringBootMavenRepo\org\skyscreamer\jsonassert\1.5.1\jsonassert-1.5.1.jar;D:\SpringBootMavenRepo\com\vaadin\external\google\android-json\0.0.20131108.vaadin1\android-json-0.0.20131108.vaadin1.jar;D:\SpringBootMavenRepo\org\springframework\spring-core\5.3.27\spring-core-5.3.27.jar;D:\SpringBootMavenRepo\org\springframework\spring-jcl\5.3.27\spring-jcl-5.3.27.jar;D:\SpringBootMavenRepo\org\springframework\spring-test\5.3.27\spring-test-5.3.27.jar;D:\SpringBootMavenRepo\org\xmlunit\xmlunit-core\2.9.1\xmlunit-core-2.9.1.jar;D:\SpringBootMavenRepo\org\apache\tomcat\embed\tomcat-embed-jasper\9.0.98\tomcat-embed-jasper-9.0.98.jar;D:\SpringBootMavenRepo\org\apache\tomcat\embed\tomcat-embed-core\9.0.98\tomcat-embed-core-9.0.98.jar;D:\SpringBootMavenRepo\org\apache\tomcat\tomcat-annotations-api\9.0.98\tomcat-annotations-api-9.0.98.jar;D:\SpringBootMavenRepo\org\apache\tomcat\embed\tomcat-embed-el\9.0.98\tomcat-embed-el-9.0.98.jar;D:\SpringBootMavenRepo\org\eclipse\jdt\ecj\3.26.0\ecj-3.26.0.jar;D:\SpringBootMavenRepo\javax\servlet\jstl\1.2\jstl-1.2.jar;D:\SpringBootMavenRepo\org\apache\tomcat\tomcat-jasper\9.0.1\tomcat-jasper-9.0.1.jar;D:\SpringBootMavenRepo\org\apache\tomcat\tomcat-servlet-api\9.0.1\tomcat-servlet-api-9.0.1.jar;D:\SpringBootMavenRepo\org\apache\tomcat\tomcat-juli\9.0.1\tomcat-juli-9.0.1.jar;D:\SpringBootMavenRepo\org\apache\tomcat\tomcat-jsp-api\9.0.98\tomcat-jsp-api-9.0.98.jar;D:\SpringBootMavenRepo\org\apache\tomcat\tomcat-el-api\9.0.1\tomcat-el-api-9.0.1.jar;D:\SpringBootMavenRepo\org\apache\tomcat\tomcat-jasper-el\9.0.1\tomcat-jasper-el-9.0.1.jar;D:\SpringBootMavenRepo\org\apache\tomcat\tomcat-api\9.0.1\tomcat-api-9.0.1.jar;D:\SpringBootMavenRepo\org\apache\tomcat\tomcat-util-scan\9.0.1\tomcat-util-scan-9.0.1.jar;D:\SpringBootMavenRepo\org\apache\tomcat\tomcat-util\9.0.1\tomcat-util-9.0.1.jar;D:\SpringBootMavenRepo\org\springframework\boot\spring-boot-devtools\2.7.12\spring-boot-devtools-2.7.12.jar;D:\SpringBootMavenRepo\org\springframework\boot\spring-boot\2.7.12\spring-boot-2.7.12.jar;D:\SpringBootMavenRepo\org\springframework\boot\spring-boot-autoconfigure\2.7.12\spring-boot-autoconfigure-2.7.12.jar;D:\SpringBootMavenRepo\com\microsoft\sqlserver\mssql-jdbc\12.8.1.jre11\mssql-jdbc-12.8.1.jre11.jar;D:\SpringBootMavenRepo\org\springframework\boot\spring-boot-starter-data-jdbc\2.7.12\spring-boot-starter-data-jdbc-2.7.12.jar;D:\SpringBootMavenRepo\org\springframework\boot\spring-boot-starter-jdbc\2.7.12\spring-boot-starter-jdbc-2.7.12.jar;D:\SpringBootMavenRepo\com\zaxxer\HikariCP\4.0.3\HikariCP-4.0.3.jar;D:\SpringBootMavenRepo\org\springframework\spring-jdbc\5.3.27\spring-jdbc-5.3.27.jar;D:\SpringBootMavenRepo\org\springframework\data\spring-data-jdbc\2.4.12\spring-data-jdbc-2.4.12.jar;D:\SpringBootMavenRepo\org\springframework\data\spring-data-relational\2.4.12\spring-data-relational-2.4.12.jar;D:\SpringBootMavenRepo\org\springframework\data\spring-data-commons\2.7.12\spring-data-commons-2.7.12.jar;D:\SpringBootMavenRepo\org\springframework\spring-tx\5.3.27\spring-tx-5.3.27.jar;D:\SpringBootMavenRepo\org\apache\poi\poi-ooxml\4.1.0\poi-ooxml-4.1.0.jar;D:\SpringBootMavenRepo\org\apache\poi\poi\4.1.0\poi-4.1.0.jar;D:\SpringBootMavenRepo\commons-codec\commons-codec\1.15\commons-codec-1.15.jar;D:\SpringBootMavenRepo\org\apache\commons\commons-collections4\4.3\commons-collections4-4.3.jar;D:\SpringBootMavenRepo\org\apache\commons\commons-math3\3.6.1\commons-math3-3.6.1.jar;D:\SpringBootMavenRepo\org\apache\poi\poi-ooxml-schemas\4.1.0\poi-ooxml-schemas-4.1.0.jar;D:\SpringBootMavenRepo\org\apache\xmlbeans\xmlbeans\3.1.0\xmlbeans-3.1.0.jar;D:\SpringBootMavenRepo\org\apache\commons\commons-compress\1.18\commons-compress-1.18.jar;D:\SpringBootMavenRepo\com\github\virtuald\curvesapi\1.06\curvesapi-1.06.jar;"/>
    <property name="java.vm.vendor" value="Oracle Corporation"/>
    <property name="sun.arch.data.model" value="64"/>
    <property name="user.variant" value=""/>
    <property name="java.vendor.url" value="http://java.oracle.com/"/>
    <property name="user.timezone" value="Asia/Calcutta"/>
    <property name="java.vm.specification.version" value="11"/>
    <property name="os.name" value="Windows 10"/>
    <property name="sun.java.launcher" value="SUN_STANDARD"/>
    <property name="user.country" value="US"/>
    <property name="sun.boot.library.path" value="C:\Program Files\Java\jdk-11.0.1\bin"/>
    <property name="sun.java.command" value="C:\Users\SWATI~1.AGA\AppData\Local\Temp\surefire9153686505310543833\surefirebooter16163134197060661650.jar C:\Users\Swati.Agarwal\AppData\Local\Temp\surefire9153686505310543833 2025-04-18T11-51-29_292-jvmRun1 surefire10439775066859742379tmp surefire_04314111741254533063tmp"/>
    <property name="jdk.debug" value="release"/>
    <property name="surefire.test.class.path" value="D:\SEWS_E_SpringBoot_WorkSpace\cms\target\test-classes;D:\SEWS_E_SpringBoot_WorkSpace\cms\target\classes;D:\SpringBootMavenRepo\org\springframework\boot\spring-boot-starter-web\2.7.12\spring-boot-starter-web-2.7.12.jar;D:\SpringBootMavenRepo\org\springframework\boot\spring-boot-starter\2.7.12\spring-boot-starter-2.7.12.jar;D:\SpringBootMavenRepo\org\springframework\boot\spring-boot-starter-logging\2.7.12\spring-boot-starter-logging-2.7.12.jar;D:\SpringBootMavenRepo\ch\qos\logback\logback-classic\1.2.12\logback-classic-1.2.12.jar;D:\SpringBootMavenRepo\ch\qos\logback\logback-core\1.2.12\logback-core-1.2.12.jar;D:\SpringBootMavenRepo\org\apache\logging\log4j\log4j-to-slf4j\2.17.2\log4j-to-slf4j-2.17.2.jar;D:\SpringBootMavenRepo\org\apache\logging\log4j\log4j-api\2.17.2\log4j-api-2.17.2.jar;D:\SpringBootMavenRepo\org\slf4j\jul-to-slf4j\1.7.36\jul-to-slf4j-1.7.36.jar;D:\SpringBootMavenRepo\jakarta\annotation\jakarta.annotation-api\1.3.5\jakarta.annotation-api-1.3.5.jar;D:\SpringBootMavenRepo\org\yaml\snakeyaml\1.30\snakeyaml-1.30.jar;D:\SpringBootMavenRepo\org\springframework\boot\spring-boot-starter-json\2.7.12\spring-boot-starter-json-2.7.12.jar;D:\SpringBootMavenRepo\com\fasterxml\jackson\core\jackson-databind\2.13.5\jackson-databind-2.13.5.jar;D:\SpringBootMavenRepo\com\fasterxml\jackson\core\jackson-annotations\2.13.5\jackson-annotations-2.13.5.jar;D:\SpringBootMavenRepo\com\fasterxml\jackson\core\jackson-core\2.13.5\jackson-core-2.13.5.jar;D:\SpringBootMavenRepo\com\fasterxml\jackson\datatype\jackson-datatype-jdk8\2.13.5\jackson-datatype-jdk8-2.13.5.jar;D:\SpringBootMavenRepo\com\fasterxml\jackson\datatype\jackson-datatype-jsr310\2.13.5\jackson-datatype-jsr310-2.13.5.jar;D:\SpringBootMavenRepo\com\fasterxml\jackson\module\jackson-module-parameter-names\2.13.5\jackson-module-parameter-names-2.13.5.jar;D:\SpringBootMavenRepo\org\springframework\boot\spring-boot-starter-tomcat\2.7.12\spring-boot-starter-tomcat-2.7.12.jar;D:\SpringBootMavenRepo\org\apache\tomcat\embed\tomcat-embed-websocket\9.0.98\tomcat-embed-websocket-9.0.98.jar;D:\SpringBootMavenRepo\org\springframework\spring-web\5.3.27\spring-web-5.3.27.jar;D:\SpringBootMavenRepo\org\springframework\spring-beans\5.3.27\spring-beans-5.3.27.jar;D:\SpringBootMavenRepo\org\springframework\spring-webmvc\5.3.27\spring-webmvc-5.3.27.jar;D:\SpringBootMavenRepo\org\springframework\spring-aop\5.3.27\spring-aop-5.3.27.jar;D:\SpringBootMavenRepo\org\springframework\spring-context\5.3.27\spring-context-5.3.27.jar;D:\SpringBootMavenRepo\org\springframework\spring-expression\5.3.27\spring-expression-5.3.27.jar;D:\SpringBootMavenRepo\org\springframework\boot\spring-boot-starter-test\2.7.12\spring-boot-starter-test-2.7.12.jar;D:\SpringBootMavenRepo\org\springframework\boot\spring-boot-test\2.7.12\spring-boot-test-2.7.12.jar;D:\SpringBootMavenRepo\org\springframework\boot\spring-boot-test-autoconfigure\2.7.12\spring-boot-test-autoconfigure-2.7.12.jar;D:\SpringBootMavenRepo\com\jayway\jsonpath\json-path\2.7.0\json-path-2.7.0.jar;D:\SpringBootMavenRepo\net\minidev\json-smart\2.4.11\json-smart-2.4.11.jar;D:\SpringBootMavenRepo\net\minidev\accessors-smart\2.4.11\accessors-smart-2.4.11.jar;D:\SpringBootMavenRepo\org\ow2\asm\asm\9.3\asm-9.3.jar;D:\SpringBootMavenRepo\org\slf4j\slf4j-api\1.7.36\slf4j-api-1.7.36.jar;D:\SpringBootMavenRepo\jakarta\xml\bind\jakarta.xml.bind-api\2.3.3\jakarta.xml.bind-api-2.3.3.jar;D:\SpringBootMavenRepo\jakarta\activation\jakarta.activation-api\1.2.2\jakarta.activation-api-1.2.2.jar;D:\SpringBootMavenRepo\org\assertj\assertj-core\3.22.0\assertj-core-3.22.0.jar;D:\SpringBootMavenRepo\org\hamcrest\hamcrest\2.2\hamcrest-2.2.jar;D:\SpringBootMavenRepo\org\junit\jupiter\junit-jupiter\5.8.2\junit-jupiter-5.8.2.jar;D:\SpringBootMavenRepo\org\junit\jupiter\junit-jupiter-api\5.8.2\junit-jupiter-api-5.8.2.jar;D:\SpringBootMavenRepo\org\opentest4j\opentest4j\1.2.0\opentest4j-1.2.0.jar;D:\SpringBootMavenRepo\org\junit\platform\junit-platform-commons\1.8.2\junit-platform-commons-1.8.2.jar;D:\SpringBootMavenRepo\org\apiguardian\apiguardian-api\1.1.2\apiguardian-api-1.1.2.jar;D:\SpringBootMavenRepo\org\junit\jupiter\junit-jupiter-params\5.8.2\junit-jupiter-params-5.8.2.jar;D:\SpringBootMavenRepo\org\junit\jupiter\junit-jupiter-engine\5.8.2\junit-jupiter-engine-5.8.2.jar;D:\SpringBootMavenRepo\org\junit\platform\junit-platform-engine\1.8.2\junit-platform-engine-1.8.2.jar;D:\SpringBootMavenRepo\org\mockito\mockito-core\4.5.1\mockito-core-4.5.1.jar;D:\SpringBootMavenRepo\net\bytebuddy\byte-buddy\1.12.23\byte-buddy-1.12.23.jar;D:\SpringBootMavenRepo\net\bytebuddy\byte-buddy-agent\1.12.23\byte-buddy-agent-1.12.23.jar;D:\SpringBootMavenRepo\org\objenesis\objenesis\3.2\objenesis-3.2.jar;D:\SpringBootMavenRepo\org\mockito\mockito-junit-jupiter\4.5.1\mockito-junit-jupiter-4.5.1.jar;D:\SpringBootMavenRepo\org\skyscreamer\jsonassert\1.5.1\jsonassert-1.5.1.jar;D:\SpringBootMavenRepo\com\vaadin\external\google\android-json\0.0.20131108.vaadin1\android-json-0.0.20131108.vaadin1.jar;D:\SpringBootMavenRepo\org\springframework\spring-core\5.3.27\spring-core-5.3.27.jar;D:\SpringBootMavenRepo\org\springframework\spring-jcl\5.3.27\spring-jcl-5.3.27.jar;D:\SpringBootMavenRepo\org\springframework\spring-test\5.3.27\spring-test-5.3.27.jar;D:\SpringBootMavenRepo\org\xmlunit\xmlunit-core\2.9.1\xmlunit-core-2.9.1.jar;D:\SpringBootMavenRepo\org\apache\tomcat\embed\tomcat-embed-jasper\9.0.98\tomcat-embed-jasper-9.0.98.jar;D:\SpringBootMavenRepo\org\apache\tomcat\embed\tomcat-embed-core\9.0.98\tomcat-embed-core-9.0.98.jar;D:\SpringBootMavenRepo\org\apache\tomcat\tomcat-annotations-api\9.0.98\tomcat-annotations-api-9.0.98.jar;D:\SpringBootMavenRepo\org\apache\tomcat\embed\tomcat-embed-el\9.0.98\tomcat-embed-el-9.0.98.jar;D:\SpringBootMavenRepo\org\eclipse\jdt\ecj\3.26.0\ecj-3.26.0.jar;D:\SpringBootMavenRepo\javax\servlet\jstl\1.2\jstl-1.2.jar;D:\SpringBootMavenRepo\org\apache\tomcat\tomcat-jasper\9.0.1\tomcat-jasper-9.0.1.jar;D:\SpringBootMavenRepo\org\apache\tomcat\tomcat-servlet-api\9.0.1\tomcat-servlet-api-9.0.1.jar;D:\SpringBootMavenRepo\org\apache\tomcat\tomcat-juli\9.0.1\tomcat-juli-9.0.1.jar;D:\SpringBootMavenRepo\org\apache\tomcat\tomcat-jsp-api\9.0.98\tomcat-jsp-api-9.0.98.jar;D:\SpringBootMavenRepo\org\apache\tomcat\tomcat-el-api\9.0.1\tomcat-el-api-9.0.1.jar;D:\SpringBootMavenRepo\org\apache\tomcat\tomcat-jasper-el\9.0.1\tomcat-jasper-el-9.0.1.jar;D:\SpringBootMavenRepo\org\apache\tomcat\tomcat-api\9.0.1\tomcat-api-9.0.1.jar;D:\SpringBootMavenRepo\org\apache\tomcat\tomcat-util-scan\9.0.1\tomcat-util-scan-9.0.1.jar;D:\SpringBootMavenRepo\org\apache\tomcat\tomcat-util\9.0.1\tomcat-util-9.0.1.jar;D:\SpringBootMavenRepo\org\springframework\boot\spring-boot-devtools\2.7.12\spring-boot-devtools-2.7.12.jar;D:\SpringBootMavenRepo\org\springframework\boot\spring-boot\2.7.12\spring-boot-2.7.12.jar;D:\SpringBootMavenRepo\org\springframework\boot\spring-boot-autoconfigure\2.7.12\spring-boot-autoconfigure-2.7.12.jar;D:\SpringBootMavenRepo\com\microsoft\sqlserver\mssql-jdbc\12.8.1.jre11\mssql-jdbc-12.8.1.jre11.jar;D:\SpringBootMavenRepo\org\springframework\boot\spring-boot-starter-data-jdbc\2.7.12\spring-boot-starter-data-jdbc-2.7.12.jar;D:\SpringBootMavenRepo\org\springframework\boot\spring-boot-starter-jdbc\2.7.12\spring-boot-starter-jdbc-2.7.12.jar;D:\SpringBootMavenRepo\com\zaxxer\HikariCP\4.0.3\HikariCP-4.0.3.jar;D:\SpringBootMavenRepo\org\springframework\spring-jdbc\5.3.27\spring-jdbc-5.3.27.jar;D:\SpringBootMavenRepo\org\springframework\data\spring-data-jdbc\2.4.12\spring-data-jdbc-2.4.12.jar;D:\SpringBootMavenRepo\org\springframework\data\spring-data-relational\2.4.12\spring-data-relational-2.4.12.jar;D:\SpringBootMavenRepo\org\springframework\data\spring-data-commons\2.7.12\spring-data-commons-2.7.12.jar;D:\SpringBootMavenRepo\org\springframework\spring-tx\5.3.27\spring-tx-5.3.27.jar;D:\SpringBootMavenRepo\org\apache\poi\poi-ooxml\4.1.0\poi-ooxml-4.1.0.jar;D:\SpringBootMavenRepo\org\apache\poi\poi\4.1.0\poi-4.1.0.jar;D:\SpringBootMavenRepo\commons-codec\commons-codec\1.15\commons-codec-1.15.jar;D:\SpringBootMavenRepo\org\apache\commons\commons-collections4\4.3\commons-collections4-4.3.jar;D:\SpringBootMavenRepo\org\apache\commons\commons-math3\3.6.1\commons-math3-3.6.1.jar;D:\SpringBootMavenRepo\org\apache\poi\poi-ooxml-schemas\4.1.0\poi-ooxml-schemas-4.1.0.jar;D:\SpringBootMavenRepo\org\apache\xmlbeans\xmlbeans\3.1.0\xmlbeans-3.1.0.jar;D:\SpringBootMavenRepo\org\apache\commons\commons-compress\1.18\commons-compress-1.18.jar;D:\SpringBootMavenRepo\com\github\virtuald\curvesapi\1.06\curvesapi-1.06.jar;"/>
    <property name="sun.cpu.endian" value="little"/>
    <property name="user.home" value="C:\Users\Swati.Agarwal"/>
    <property name="user.language" value="en"/>
    <property name="java.specification.vendor" value="Oracle Corporation"/>
    <property name="java.version.date" value="2018-10-16"/>
    <property name="java.home" value="C:\Program Files\Java\jdk-11.0.1"/>
    <property name="file.separator" value="\"/>
    <property name="style.color" value="always"/>
    <property name="basedir" value="D:\SEWS_E_SpringBoot_WorkSpace\cms"/>
    <property name="java.vm.compressedOopsMode" value="Zero based"/>
    <property name="line.separator" value="&#10;"/>
    <property name="java.specification.name" value="Java Platform API Specification"/>
    <property name="java.vm.specification.vendor" value="Oracle Corporation"/>
    <property name="java.awt.graphicsenv" value="sun.awt.Win32GraphicsEnvironment"/>
    <property name="surefire.real.class.path" value="C:\Users\SWATI~1.AGA\AppData\Local\Temp\surefire9153686505310543833\surefirebooter16163134197060661650.jar"/>
    <property name="user.script" value=""/>
    <property name="sun.management.compiler" value="HotSpot 64-Bit Tiered Compilers"/>
    <property name="java.runtime.version" value="11.0.1+13"/>
    <property name="user.name" value="Swati.Agarwal"/>
    <property name="path.separator" value=";"/>
    <property name="os.version" value="10.0"/>
    <property name="java.runtime.name" value="OpenJDK Runtime Environment"/>
    <property name="file.encoding" value="Cp1252"/>
    <property name="java.vm.name" value="OpenJDK 64-Bit Server VM"/>
    <property name="java.vendor.version" value="18.9"/>
    <property name="localRepository" value="D:\SpringBootMavenRepo"/>
    <property name="java.vendor.url.bug" value="http://bugreport.java.com/bugreport/"/>
    <property name="java.io.tmpdir" value="C:\Users\SWATI~1.AGA\AppData\Local\Temp\"/>
    <property name="java.version" value="11.0.1"/>
    <property name="user.dir" value="D:\SEWS_E_SpringBoot_WorkSpace\cms"/>
    <property name="os.arch" value="amd64"/>
    <property name="java.vm.specification.name" value="Java Virtual Machine Specification"/>
    <property name="java.awt.printerjob" value="sun.awt.windows.WPrinterJob"/>
    <property name="sun.os.patch.level" value=""/>
    <property name="java.library.path" value="C:\Program Files\Java\jdk-11.0.1\bin;C:\WINDOWS\Sun\Java\bin;C:\WINDOWS\system32;C:\WINDOWS;D:/sts-4.14.1.RELEASE//plugins/org.eclipse.justj.openjdk.hotspot.jre.full.win32.x86_64_17.0.2.v20220201-1208/jre/bin/server;D:/sts-4.14.1.RELEASE//plugins/org.eclipse.justj.openjdk.hotspot.jre.full.win32.x86_64_17.0.2.v20220201-1208/jre/bin;C:\Program Files\Java\jdk-11.0.1\bin;C:\WINDOWS\system32;C:\WINDOWS;C:\WINDOWS\System32\Wbem;C:\WINDOWS\System32\WindowsPowerShell\v1.0\;C:\WINDOWS\System32\OpenSSH\;C:\Program Files (x86)\Microsoft SQL Server\130\Tools\Binn\;C:\Program Files\Microsoft SQL Server\130\Tools\Binn\;C:\Program Files (x86)\Microsoft SQL Server\130\DTS\Binn\;C:\Program Files\Microsoft SQL Server\130\DTS\Binn\;C:\Program Files\Microsoft SQL Server\Client SDK\ODBC\130\Tools\Binn\;C:\Program Files (x86)\Microsoft SQL Server\110\DTS\Binn\;C:\Program Files (x86)\Microsoft SQL Server\120\DTS\Binn\;C:\Program Files (x86)\Microsoft SQL Server\Client SDK\ODBC\130\Tools\Binn\;C:\Program Files (x86)\Microsoft SQL Server\130\Tools\Binn\ManagementStudio\;C:\Program Files\TortoiseGit\bin;C:\Users\Swati.Agarwal\AppData\Local\Microsoft\WindowsApps;C:\Users\Swati.Agarwal\AppData\Local\Programs\Git\cmd;D:\sts-4.14.1.RELEASE;;."/>
    <property name="java.vendor" value="Oracle Corporation"/>
    <property name="java.vm.info" value="mixed mode"/>
    <property name="java.vm.version" value="11.0.1+13"/>
    <property name="sun.io.unicode.encoding" value="UnicodeLittle"/>
    <property name="java.class.version" value="55.0"/>
  </properties>
  <testcase name="contextLoads" classname="com.swati.cmsportal.CentralManagementSystemApplicationTests" time="0.512"/>
</testsuite>